0 info it worked if it ends with ok
1 verbose cli [ 'T:\\ProgramFiles\\node.exe',
1 verbose cli   'T:\\ProgramFiles\\node_modules\\npm\\bin\\npm-cli.js',
1 verbose cli   'run',
1 verbose cli   'T:\\gara\\JavaScript\\webserver.js' ]
2 info using npm@3.10.8
3 info using node@v6.9.1
4 verbose stack Error: ENOENT: no such file or directory, open 'T:\gara\JavaScript\package.json'
4 verbose stack     at Error (native)
5 verbose cwd T:\gara\JavaScript
6 error Windows_NT 6.1.7601
7 error argv "T:\\ProgramFiles\\node.exe" "T:\\ProgramFiles\\node_modules\\npm\\bin\\npm-cli.js" "run" "T:\\gara\\JavaScript\\webserver.js"
8 error node v6.9.1
9 error npm  v3.10.8
10 error path T:\gara\JavaScript\package.json
11 error code ENOENT
12 error errno -4058
13 error syscall open
14 error enoent ENOENT: no such file or directory, open 'T:\gara\JavaScript\package.json'
15 error enoent ENOENT: no such file or directory, open 'T:\gara\JavaScript\package.json'
15 error enoent This is most likely not a problem with npm itself
15 error enoent and is related to npm not being able to find a file.
16 verbose exit [ -4058, true ]
